<?xml version="1.0" encoding="UTF-8"?>
<!-- Generated by org.testng.reporters.JUnitXMLReporter -->
<testsuite ignored="0" hostname="DESKTOP-RFC9575" failures="0" tests="6" name="Test" time="0.076" errors="0" timestamp="2022-09-06T19:29:48 WIB">
  <testcase classname="Ujian.WrapperTest" name="inputDataTest" time="0.008"/>
  <testcase classname="Ujian.MatematikaTest" name="addATest" time="0.0"/>
  <testcase classname="Ujian.MatematikaTest" name="minusTest" time="0.002"/>
  <testcase classname="Ujian.MatematikaTest" name="divisionTest" time="0.003"/>
  <testcase classname="Ujian.MatematikaTest" name="modulusTest" time="0.002"/>
  <testcase classname="Ujian.MfloorTest" name="MathTest" time="0.001"/>
</testsuite> <!-- Test -->
