<?xml version="1.0" encoding="UTF-8"?>
<testng-results ignored="0" total="6" passed="6" failed="0" skipped="0">
  <reporter-output>
  </reporter-output>
  <suite started-at="2022-09-06T19:29:48 WIB" name="Suite" finished-at="2022-09-06T19:29:48 WIB" duration-ms="76">
    <groups>
    </groups>
    <test started-at="2022-09-06T19:29:48 WIB" name="Test" finished-at="2022-09-06T19:29:48 WIB" duration-ms="76">
      <class name="Ujian.WrapperTest">
        <test-method is-config="true" signature="instance()[pri:0, instance:Ujian.WrapperTest@f736069]" started-at="2022-09-06T19:29:48 WIB" name="instance" finished-at="2022-09-06T19:29:48 WIB" duration-ms="11" status="PASS">
          <reporter-output>
          </reporter-output>
        </test-method> <!-- instance -->
        <test-method signature="inputDataTest()[pri:0, instance:Ujian.WrapperTest@f736069]" started-at="2022-09-06T19:29:48 WIB" name="inputDataTest" finished-at="2022-09-06T19:29:48 WIB" duration-ms="8" status="PASS">
          <reporter-output>
          </reporter-output>
        </test-method> <!-- inputDataTest -->
      </class> <!-- Ujian.WrapperTest -->
      <class name="Ujian.MfloorTest">
        <test-method is-config="true" signature="instance()[pri:0, instance:Ujian.MfloorTest@3b6ddd1d]" started-at="2022-09-06T19:29:48 WIB" name="instance" finished-at="2022-09-06T19:29:48 WIB" duration-ms="0" status="PASS">
          <reporter-output>
          </reporter-output>
        </test-method> <!-- instance -->
        <test-method signature="MathTest()[pri:0, instance:Ujian.MfloorTest@3b6ddd1d]" started-at="2022-09-06T19:29:48 WIB" name="MathTest" finished-at="2022-09-06T19:29:48 WIB" duration-ms="1" status="PASS">
          <reporter-output>
          </reporter-output>
        </test-method> <!-- MathTest -->
      </class> <!-- Ujian.MfloorTest -->
      <class name="Ujian.MatematikaTest">
        <test-method is-config="true" signature="instance()[pri:0, instance:Ujian.MatematikaTest@22ef9844]" started-at="2022-09-06T19:29:48 WIB" name="instance" finished-at="2022-09-06T19:29:48 WIB" duration-ms="2" status="PASS">
          <reporter-output>
          </reporter-output>
        </test-method> <!-- instance -->
        <test-method is-config="true" signature="befmet()[pri:0, instance:Ujian.MatematikaTest@22ef9844]" started-at="2022-09-06T19:29:48 WIB" name="befmet" finished-at="2022-09-06T19:29:48 WIB" duration-ms="1" status="PASS">
          <reporter-output>
          </reporter-output>
        </test-method> <!-- befmet -->
        <test-method signature="addATest()[pri:0, instance:Ujian.MatematikaTest@22ef9844]" started-at="2022-09-06T19:29:48 WIB" name="addATest" finished-at="2022-09-06T19:29:48 WIB" duration-ms="0" status="PASS">
          <reporter-output>
          </reporter-output>
        </test-method> <!-- addATest -->
        <test-method signature="minusTest()[pri:1, instance:Ujian.MatematikaTest@22ef9844]" started-at="2022-09-06T19:29:48 WIB" name="minusTest" finished-at="2022-09-06T19:29:48 WIB" duration-ms="2" status="PASS">
          <reporter-output>
          </reporter-output>
        </test-method> <!-- minusTest -->
        <test-method is-config="true" signature="befmet()[pri:0, instance:Ujian.MatematikaTest@22ef9844]" started-at="2022-09-06T19:29:48 WIB" name="befmet" finished-at="2022-09-06T19:29:48 WIB" duration-ms="0" status="PASS">
          <reporter-output>
          </reporter-output>
        </test-method> <!-- befmet -->
        <test-method is-config="true" signature="befmet()[pri:0, instance:Ujian.MatematikaTest@22ef9844]" started-at="2022-09-06T19:29:48 WIB" name="befmet" finished-at="2022-09-06T19:29:48 WIB" duration-ms="1" status="PASS">
          <reporter-output>
          </reporter-output>
        </test-method> <!-- befmet -->
        <test-method signature="divisionTest()[pri:2, instance:Ujian.MatematikaTest@22ef9844]" started-at="2022-09-06T19:29:48 WIB" name="divisionTest" finished-at="2022-09-06T19:29:48 WIB" duration-ms="3" status="PASS">
          <reporter-output>
          </reporter-output>
        </test-method> <!-- divisionTest -->
        <test-method signature="modulusTest()[pri:3, instance:Ujian.MatematikaTest@22ef9844]" started-at="2022-09-06T19:29:48 WIB" name="modulusTest" finished-at="2022-09-06T19:29:48 WIB" duration-ms="2" status="PASS">
          <reporter-output>
          </reporter-output>
        </test-method> <!-- modulusTest -->
        <test-method is-config="true" signature="befmet()[pri:0, instance:Ujian.MatematikaTest@22ef9844]" started-at="2022-09-06T19:29:48 WIB" name="befmet" finished-at="2022-09-06T19:29:48 WIB" duration-ms="0" status="PASS">
          <reporter-output>
          </reporter-output>
        </test-method> <!-- befmet -->
        <test-method is-config="true" signature="aft()[pri:0, instance:Ujian.MatematikaTest@22ef9844]" started-at="2022-09-06T19:29:48 WIB" name="aft" finished-at="2022-09-06T19:29:48 WIB" duration-ms="0" status="PASS">
          <reporter-output>
          </reporter-output>
        </test-method> <!-- aft -->
      </class> <!-- Ujian.MatematikaTest -->
    </test> <!-- Test -->
  </suite> <!-- Suite -->
</testng-results>
